Reading netlist file: "C:\Users\gay_n\Documents\FPGA_PROJECTS\HDMI_NIC\hDMI\FPGA_HDMI\impl\gwsynthesis\hDMI.vg"
Parsing netlist file "C:\Users\gay_n\Documents\FPGA_PROJECTS\HDMI_NIC\hDMI\FPGA_HDMI\impl\gwsynthesis\hDMI.vg" completed
WARN  (PA1003) : Invalid parameterized value 'GW1N-4'(DEVICE) specified for instance 'u_dvi/rgb2dvi_inst/rpll_inst'
Processing netlist completed
Reading constraint file: "C:\Users\gay_n\Documents\FPGA_PROJECTS\HDMI_NIC\hDMI\FPGA_HDMI\src\hDMI.cst"
Physical Constraint parsed completed
Running placement......
[10%] Placement Phase 0 completed
[20%] Placement Phase 1 completed
[30%] Placement Phase 2 completed
[50%] Placement Phase 3 completed
Running routing......
[60%] Routing Phase 0 completed
[70%] Routing Phase 1 completed
[80%] Routing Phase 2 completed
[90%] Routing Phase 3 completed
Running timing analysis......
[95%] Timing analysis completed
Placement and routing completed
Bitstream generation in progress......
Bitstream generation completed
Running power analysis......
[100%] Power analysis completed
Generate file "C:\Users\gay_n\Documents\FPGA_PROJECTS\HDMI_NIC\hDMI\FPGA_HDMI\impl\pnr\hDMI.power.html" completed
Generate file "C:\Users\gay_n\Documents\FPGA_PROJECTS\HDMI_NIC\hDMI\FPGA_HDMI\impl\pnr\hDMI.pin.html" completed
Generate file "C:\Users\gay_n\Documents\FPGA_PROJECTS\HDMI_NIC\hDMI\FPGA_HDMI\impl\pnr\hDMI.rpt.html" completed
Generate file "C:\Users\gay_n\Documents\FPGA_PROJECTS\HDMI_NIC\hDMI\FPGA_HDMI\impl\pnr\hDMI.rpt.txt" completed
Generate file "C:\Users\gay_n\Documents\FPGA_PROJECTS\HDMI_NIC\hDMI\FPGA_HDMI\impl\pnr\hDMI.tr.html" completed
Tue May 30 11:45:04 2023

